Ligne 27: La classe TabDlg.SSTab du contrôle SSTab1 n'est pas une classe de contrôle chargée.
Ligne 166: La classe WinXPC_Engine.WindowsXPC du contrôle WindowsXPC1 n'est pas une classe de contrôle chargée.
Ligne 33: Le nom de la propriété _ExtentX dans SSTab1 est incorrect.
Ligne 34: Le nom de la propriété _ExtentY dans SSTab1 est incorrect.
Ligne 35: Le nom de la propriété _Version dans SSTab1 est incorrect.
Ligne 36: Le nom de la propriété Tabs dans SSTab1 est incorrect.
Ligne 37: Le nom de la propriété TabsPerRow dans SSTab1 est incorrect.
Ligne 38: Le nom de la propriété TabHeight dans SSTab1 est incorrect.
Ligne 39: Le nom de la propriété TabMaxWidth dans SSTab1 est incorrect.
Ligne 49: Le nom de la propriété TabCaption(0) dans SSTab1 est incorrect.
Ligne 50: Le nom de la propriété TabPicture(0) dans SSTab1 est incorrect.
Ligne 51: Le nom de la propriété Tab(0).ControlEnabled dans SSTab1 est incorrect.
Ligne 52: Le nom de la propriété Tab(0).Control(0) dans SSTab1 est incorrect.
Ligne 53: Le nom de la propriété Tab(0).Control(0).Enabled dans SSTab1 est incorrect.
Ligne 54: Le nom de la propriété Tab(0).Control(1) dans SSTab1 est incorrect.
Ligne 55: Le nom de la propriété Tab(0).Control(1).Enabled dans SSTab1 est incorrect.
Ligne 56: Le nom de la propriété Tab(0).Control(2) dans SSTab1 est incorrect.
Ligne 57: Le nom de la propriété Tab(0).Control(2).Enabled dans SSTab1 est incorrect.
Ligne 58: Le nom de la propriété Tab(0).ControlCount dans SSTab1 est incorrect.
Ligne 59: Le nom de la propriété TabCaption(1) dans SSTab1 est incorrect.
Ligne 60: Le nom de la propriété TabPicture(1) dans SSTab1 est incorrect.
Ligne 61: Le nom de la propriété Tab(1).ControlEnabled dans SSTab1 est incorrect.
Ligne 62: Le nom de la propriété Tab(1).Control(0) dans SSTab1 est incorrect.
Ligne 63: Le nom de la propriété Tab(1).Control(1) dans SSTab1 est incorrect.
Ligne 64: Le nom de la propriété Tab(1).ControlCount dans SSTab1 est incorrect.
Ligne 169: Le nom de la propriété _ExtentX dans WindowsXPC1 est incorrect.
Ligne 170: Le nom de la propriété _ExtentY dans WindowsXPC1 est incorrect.
Ligne 171: Le nom de la propriété ColorScheme dans WindowsXPC1 est incorrect.
Ligne 172: Le nom de la propriété Common_Dialog dans WindowsXPC1 est incorrect.
Ligne 173: Le nom de la propriété ListBoxControl dans WindowsXPC1 est incorrect.
Ligne 174: Le nom de la propriété PictureControl dans WindowsXPC1 est incorrect.
Ligne 175: Le nom de la propriété DriveListBoxControl dans WindowsXPC1 est incorrect.
Ligne 176: Le nom de la propriété StatusBarControl dans WindowsXPC1 est incorrect.
Ligne 177: Le nom de la propriété ProgressBarControl dans WindowsXPC1 est incorrect.
Ligne 178: Le nom de la propriété SliderControl dans WindowsXPC1 est incorrect.
Ligne 179: Le nom de la propriété ImageComboControl dans WindowsXPC1 est incorrect.
Ligne 180: Le nom de la propriété ListViewControl dans WindowsXPC1 est incorrect.
Ligne 181: Le nom de la propriété FileListBoxControl dans WindowsXPC1 est incorrect.
Ligne 182: Le nom de la propriété DirListBoxControl dans WindowsXPC1 est incorrect.
